<?xml version="1.0" encoding="UTF-8"?>
<testng-results ignored="0" total="1" passed="1" failed="0" skipped="0">
  <reporter-output>
  </reporter-output>
  <suite started-at="2024-07-17T00:03:51 IST" name="Default suite" finished-at="2024-07-17T00:03:57 IST" duration-ms="5513">
    <groups>
    </groups>
    <test started-at="2024-07-17T00:03:51 IST" name="Default test" finished-at="2024-07-17T00:03:57 IST" duration-ms="5513">
      <class name="test.CalculatorTest">
        <test-method is-config="true" signature="openCalculator()[pri:0, instance:test.CalculatorTest@33d512c1]" started-at="2024-07-17T00:03:51 IST" name="openCalculator" finished-at="2024-07-17T00:03:54 IST" duration-ms="2731" status="PASS">
          <reporter-output>
          </reporter-output>
        </test-method> <!-- openCalculator -->
        <test-method signature="entervalues()[pri:0, instance:test.CalculatorTest@33d512c1]" started-at="2024-07-17T00:03:54 IST" name="entervalues" finished-at="2024-07-17T00:03:57 IST" duration-ms="2730" status="PASS">
          <reporter-output>
          </reporter-output>
        </test-method> <!-- entervalues -->
      </class> <!-- test.CalculatorTest -->
    </test> <!-- Default test -->
  </suite> <!-- Default suite -->
</testng-results>
