<?xml version="1.0" encoding="UTF-8"?>
<testng-results ignored="0" total="1" passed="1" failed="0" skipped="0">
  <reporter-output>
  </reporter-output>
  <suite started-at="2024-07-17T08:58:43 IST" name="Suite" finished-at="2024-07-17T08:58:56 IST" duration-ms="12960">
    <groups>
    </groups>
    <test started-at="2024-07-17T08:58:43 IST" name="Test" finished-at="2024-07-17T08:58:56 IST" duration-ms="12960">
      <class name="test.CalculatorTest">
        <test-method is-config="true" signature="openCalculator()[pri:0, instance:test.CalculatorTest@3e694b3f]" started-at="2024-07-17T08:58:43 IST" name="openCalculator" finished-at="2024-07-17T08:58:49 IST" duration-ms="6011" status="PASS">
          <reporter-output>
          </reporter-output>
        </test-method> <!-- openCalculator -->
        <test-method signature="entervalues()[pri:0, instance:test.CalculatorTest@3e694b3f]" started-at="2024-07-17T08:58:49 IST" name="entervalues" finished-at="2024-07-17T08:58:56 IST" duration-ms="6834" status="PASS">
          <reporter-output>
          </reporter-output>
        </test-method> <!-- entervalues -->
      </class> <!-- test.CalculatorTest -->
    </test> <!-- Test -->
  </suite> <!-- Suite -->
</testng-results>
